<?xml version="1.0" encoding="UTF-8"?>
<testng-results ignored="0" total="1" passed="1" failed="0" skipped="0">
  <reporter-output>
  </reporter-output>
  <suite started-at="2021-06-30T10:32:08Z" name="Suite" finished-at="2021-06-30T10:32:28Z" duration-ms="19692">
    <groups>
    </groups>
    <test started-at="2021-06-30T10:32:08Z" name="Test" finished-at="2021-06-30T10:32:28Z" duration-ms="19692">
      <class name="MavenDemo.BizgazeMaven.ModuleCities">
        <test-method is-config="true" signature="extentReport()[pri:0, instance:MavenDemo.BizgazeMaven.ModuleCities@298a5e20]" started-at="2021-06-30T10:32:08Z" name="extentReport" finished-at="2021-06-30T10:32:08Z" duration-ms="136" status="PASS">
          <reporter-output>
          </reporter-output>
        </test-method> <!-- extentReport -->
        <test-method is-config="true" signature="openBrowser()[pri:0, instance:MavenDemo.BizgazeMaven.ModuleCities@298a5e20]" started-at="2021-06-30T10:32:08Z" name="openBrowser" finished-at="2021-06-30T10:32:09Z" duration-ms="1136" status="PASS">
          <reporter-output>
          </reporter-output>
        </test-method> <!-- openBrowser -->
        <test-method is-config="true" signature="login()[pri:0, instance:MavenDemo.BizgazeMaven.ModuleCities@298a5e20]" started-at="2021-06-30T10:32:09Z" name="login" finished-at="2021-06-30T10:32:17Z" duration-ms="7723" status="PASS">
          <reporter-output>
          </reporter-output>
        </test-method> <!-- login -->
        <test-method is-config="true" signature="handleWindowPopup()[pri:0, instance:MavenDemo.BizgazeMaven.ModuleCities@298a5e20]" started-at="2021-06-30T10:32:17Z" name="handleWindowPopup" finished-at="2021-06-30T10:32:20Z" duration-ms="3340" status="PASS">
          <reporter-output>
          </reporter-output>
        </test-method> <!-- handleWindowPopup -->
        <test-method signature="testCreatecity()[pri:1, instance:MavenDemo.BizgazeMaven.ModuleCities@298a5e20]" started-at="2021-06-30T10:32:20Z" name="testCreatecity" finished-at="2021-06-30T10:32:27Z" duration-ms="7345" status="PASS">
          <reporter-output>
          </reporter-output>
        </test-method> <!-- testCreatecity -->
        <test-method is-config="true" signature="result(org.testng.ITestResult)[pri:0, instance:MavenDemo.BizgazeMaven.ModuleCities@298a5e20]" started-at="2021-06-30T10:32:27Z" name="result" finished-at="2021-06-30T10:32:27Z" duration-ms="7" status="PASS">
          <params>
            <param index="0">
              <value>
                <![CDATA[[TestResult name=testCreatecity status=SUCCESS method=ModuleCities.testCreatecity()[pri:1, instance:MavenDemo.BizgazeMaven.ModuleCities@298a5e20] output={null}]]]>
              </value>
            </param>
          </params>
          <reporter-output>
          </reporter-output>
        </test-method> <!-- result -->
        <test-method is-config="true" signature="closeBrowser()[pri:0, instance:MavenDemo.BizgazeMaven.ModuleCities@298a5e20]" started-at="2021-06-30T10:32:27Z" name="closeBrowser" finished-at="2021-06-30T10:32:28Z" duration-ms="120" status="PASS">
          <reporter-output>
          </reporter-output>
        </test-method> <!-- closeBrowser -->
        <test-method is-config="true" signature="tearDown()[pri:0, instance:MavenDemo.BizgazeMaven.ModuleCities@298a5e20]" started-at="2021-06-30T10:32:28Z" name="tearDown" finished-at="2021-06-30T10:32:29Z" duration-ms="897" status="PASS">
          <reporter-output>
          </reporter-output>
        </test-method> <!-- tearDown -->
      </class> <!-- MavenDemo.BizgazeMaven.ModuleCities -->
    </test> <!-- Test -->
  </suite> <!-- Suite -->
</testng-results>
