<?xml version="1.0" encoding="UTF-8"?>
<testng-results ignored="0" total="1" passed="1" failed="0" skipped="0">
  <reporter-output>
  </reporter-output>
  <suite started-at="2021-06-30T10:42:59Z" name="Default suite" finished-at="2021-06-30T10:43:18Z" duration-ms="18028">
    <groups>
    </groups>
    <test started-at="2021-06-30T10:42:59Z" name="Default test" finished-at="2021-06-30T10:43:18Z" duration-ms="18028">
      <class name="MavenDemo.BizgazeMaven.ModuleCities">
        <test-method is-config="true" signature="extentReport()[pri:0, instance:MavenDemo.BizgazeMaven.ModuleCities@38467116]" started-at="2021-06-30T10:42:59Z" name="extentReport" finished-at="2021-06-30T10:42:59Z" duration-ms="170" status="PASS">
          <reporter-output>
          </reporter-output>
        </test-method> <!-- extentReport -->
        <test-method is-config="true" signature="openBrowser()[pri:0, instance:MavenDemo.BizgazeMaven.ModuleCities@38467116]" started-at="2021-06-30T10:43:00Z" name="openBrowser" finished-at="2021-06-30T10:43:01Z" duration-ms="1068" status="PASS">
          <reporter-output>
          </reporter-output>
        </test-method> <!-- openBrowser -->
        <test-method is-config="true" signature="login()[pri:0, instance:MavenDemo.BizgazeMaven.ModuleCities@38467116]" started-at="2021-06-30T10:43:01Z" name="login" finished-at="2021-06-30T10:43:08Z" duration-ms="6923" status="PASS">
          <reporter-output>
          </reporter-output>
        </test-method> <!-- login -->
        <test-method is-config="true" signature="handleWindowPopup()[pri:0, instance:MavenDemo.BizgazeMaven.ModuleCities@38467116]" started-at="2021-06-30T10:43:08Z" name="handleWindowPopup" finished-at="2021-06-30T10:43:11Z" duration-ms="3280" status="PASS">
          <reporter-output>
          </reporter-output>
        </test-method> <!-- handleWindowPopup -->
        <test-method signature="testCreatecity()[pri:1, instance:MavenDemo.BizgazeMaven.ModuleCities@38467116]" started-at="2021-06-30T10:43:11Z" name="testCreatecity" finished-at="2021-06-30T10:43:17Z" duration-ms="6594" status="PASS">
          <reporter-output>
          </reporter-output>
        </test-method> <!-- testCreatecity -->
        <test-method is-config="true" signature="result(org.testng.ITestResult)[pri:0, instance:MavenDemo.BizgazeMaven.ModuleCities@38467116]" started-at="2021-06-30T10:43:17Z" name="result" finished-at="2021-06-30T10:43:17Z" duration-ms="8" status="PASS">
          <params>
            <param index="0">
              <value>
                <![CDATA[[TestResult name=testCreatecity status=SUCCESS method=ModuleCities.testCreatecity()[pri:1, instance:MavenDemo.BizgazeMaven.ModuleCities@38467116] output={null}]]]>
              </value>
            </param>
          </params>
          <reporter-output>
          </reporter-output>
        </test-method> <!-- result -->
        <test-method is-config="true" signature="closeBrowser()[pri:0, instance:MavenDemo.BizgazeMaven.ModuleCities@38467116]" started-at="2021-06-30T10:43:17Z" name="closeBrowser" finished-at="2021-06-30T10:43:18Z" duration-ms="126" status="PASS">
          <reporter-output>
          </reporter-output>
        </test-method> <!-- closeBrowser -->
        <test-method is-config="true" signature="tearDown()[pri:0, instance:MavenDemo.BizgazeMaven.ModuleCities@38467116]" started-at="2021-06-30T10:43:18Z" name="tearDown" finished-at="2021-06-30T10:43:18Z" duration-ms="614" status="PASS">
          <reporter-output>
          </reporter-output>
        </test-method> <!-- tearDown -->
      </class> <!-- MavenDemo.BizgazeMaven.ModuleCities -->
    </test> <!-- Default test -->
  </suite> <!-- Default suite -->
</testng-results>
